<?xml version="1.0" encoding="UTF-8"?>
<testng-results skipped="0" failed="0" total="1" passed="1">
  <reporter-output>
  </reporter-output>
  <suite name="Suite1" duration-ms="46" started-at="2017-06-27T15:23:18Z" finished-at="2017-06-27T15:23:18Z">
    <groups>
    </groups>
    <test name="Test1" duration-ms="46" started-at="2017-06-27T15:23:18Z" finished-at="2017-06-27T15:23:18Z">
      <class name="myPack.FacebookTest">
        <test-method status="PASS" signature="facebookLoginTest1()[pri:0, instance:myPack.FacebookTest@7dc7cbad]" name="facebookLoginTest1" duration-ms="19" started-at="2017-06-27T20:53:18Z" finished-at="2017-06-27T20:53:18Z">
          <reporter-output>
          </reporter-output>
        </test-method> <!-- facebookLoginTest1 -->
      </class> <!-- myPack.FacebookTest -->
    </test> <!-- Test1 -->
  </suite> <!-- Suite1 -->
</testng-results>
